CRITICAL - 2023-09-24 00:47:16 --> Undefined variable $name
in APPPATH\Views\music.php on line 94.
 1 APPPATH\Views\music.php(94): CodeIgniter\Debug\Exceptions->errorHandler(2, 'Undefined variable $name', 'C:\\laragon\\www\\music player\\app\\Views\\music.php', 94)
 2 SYSTEMPATH\View\View.php(226): include('C:\\laragon\\www\\music player\\app\\Views\\music.php')
 3 SYSTEMPATH\View\View.php(229): CodeIgniter\View\View->CodeIgniter\View\{closure}()
 4 SYSTEMPATH\Common.php(1188): CodeIgniter\View\View->render('music', [], true)
 5 APPPATH\Controllers\MusicController.php(49): view('music', [...])
 6 SYSTEMPATH\CodeIgniter.php(919): App\Controllers\MusicController->chalsim()
 7 SYSTEMPATH\CodeIgniter.php(494): CodeIgniter\CodeIgniter->runController(Object(App\Controllers\MusicController))
 8 SYSTEMPATH\CodeIgniter.php(353): CodeIgniter\CodeIgniter->handleRequest(null, Object(Config\Cache), false)
 9 FCPATH\index.php(79): CodeIgniter\CodeIgniter->run()
10 SYSTEMPATH\Commands\Server\rewrite.php(47): require_once('C:\\laragon\\www\\music player\\public\\index.php')
CRITICAL - 2023-09-24 00:53:54 --> Undefined variable $playlists
in APPPATH\Views\music.php on line 95.
 1 APPPATH\Views\music.php(95): CodeIgniter\Debug\Exceptions->errorHandler(2, 'Undefined variable $playlists', 'C:\\laragon\\www\\music player\\app\\Views\\music.php', 95)
 2 SYSTEMPATH\View\View.php(226): include('C:\\laragon\\www\\music player\\app\\Views\\music.php')
 3 SYSTEMPATH\View\View.php(229): CodeIgniter\View\View->CodeIgniter\View\{closure}()
 4 SYSTEMPATH\Common.php(1188): CodeIgniter\View\View->render('music', [], true)
 5 APPPATH\Controllers\MusicController.php(49): view('music', [...])
 6 SYSTEMPATH\CodeIgniter.php(919): App\Controllers\MusicController->chalsim()
 7 SYSTEMPATH\CodeIgniter.php(494): CodeIgniter\CodeIgniter->runController(Object(App\Controllers\MusicController))
 8 SYSTEMPATH\CodeIgniter.php(353): CodeIgniter\CodeIgniter->handleRequest(null, Object(Config\Cache), false)
 9 FCPATH\index.php(79): CodeIgniter\CodeIgniter->run()
10 SYSTEMPATH\Commands\Server\rewrite.php(47): require_once('C:\\laragon\\www\\music player\\public\\index.php')
CRITICAL - 2023-09-24 00:54:48 --> Undefined array key "filePath"
in APPPATH\Views\music.php on line 96.
 1 APPPATH\Views\music.php(96): CodeIgniter\Debug\Exceptions->errorHandler(2, 'Undefined array key "filePath"', 'C:\\laragon\\www\\music player\\app\\Views\\music.php', 96)
 2 SYSTEMPATH\View\View.php(226): include('C:\\laragon\\www\\music player\\app\\Views\\music.php')
 3 SYSTEMPATH\View\View.php(229): CodeIgniter\View\View->CodeIgniter\View\{closure}()
 4 SYSTEMPATH\Common.php(1188): CodeIgniter\View\View->render('music', [], true)
 5 APPPATH\Controllers\MusicController.php(49): view('music', [...])
 6 SYSTEMPATH\CodeIgniter.php(919): App\Controllers\MusicController->chalsim()
 7 SYSTEMPATH\CodeIgniter.php(494): CodeIgniter\CodeIgniter->runController(Object(App\Controllers\MusicController))
 8 SYSTEMPATH\CodeIgniter.php(353): CodeIgniter\CodeIgniter->handleRequest(null, Object(Config\Cache), false)
 9 FCPATH\index.php(79): CodeIgniter\CodeIgniter->run()
10 SYSTEMPATH\Commands\Server\rewrite.php(47): require_once('C:\\laragon\\www\\music player\\public\\index.php')
CRITICAL - 2023-09-24 00:55:01 --> Undefined array key "filePath"
in APPPATH\Views\music.php on line 96.
 1 APPPATH\Views\music.php(96): CodeIgniter\Debug\Exceptions->errorHandler(2, 'Undefined array key "filePath"', 'C:\\laragon\\www\\music player\\app\\Views\\music.php', 96)
 2 SYSTEMPATH\View\View.php(226): include('C:\\laragon\\www\\music player\\app\\Views\\music.php')
 3 SYSTEMPATH\View\View.php(229): CodeIgniter\View\View->CodeIgniter\View\{closure}()
 4 SYSTEMPATH\Common.php(1188): CodeIgniter\View\View->render('music', [], true)
 5 APPPATH\Controllers\MusicController.php(49): view('music', [...])
 6 SYSTEMPATH\CodeIgniter.php(919): App\Controllers\MusicController->chalsim()
 7 SYSTEMPATH\CodeIgniter.php(494): CodeIgniter\CodeIgniter->runController(Object(App\Controllers\MusicController))
 8 SYSTEMPATH\CodeIgniter.php(353): CodeIgniter\CodeIgniter->handleRequest(null, Object(Config\Cache), false)
 9 FCPATH\index.php(79): CodeIgniter\CodeIgniter->run()
10 SYSTEMPATH\Commands\Server\rewrite.php(47): require_once('C:\\laragon\\www\\music player\\public\\index.php')
CRITICAL - 2023-09-24 00:55:17 --> Undefined array key "music"
in APPPATH\Views\music.php on line 96.
 1 APPPATH\Views\music.php(96): CodeIgniter\Debug\Exceptions->errorHandler(2, 'Undefined array key "music"', 'C:\\laragon\\www\\music player\\app\\Views\\music.php', 96)
 2 SYSTEMPATH\View\View.php(226): include('C:\\laragon\\www\\music player\\app\\Views\\music.php')
 3 SYSTEMPATH\View\View.php(229): CodeIgniter\View\View->CodeIgniter\View\{closure}()
 4 SYSTEMPATH\Common.php(1188): CodeIgniter\View\View->render('music', [], true)
 5 APPPATH\Controllers\MusicController.php(49): view('music', [...])
 6 SYSTEMPATH\CodeIgniter.php(919): App\Controllers\MusicController->chalsim()
 7 SYSTEMPATH\CodeIgniter.php(494): CodeIgniter\CodeIgniter->runController(Object(App\Controllers\MusicController))
 8 SYSTEMPATH\CodeIgniter.php(353): CodeIgniter\CodeIgniter->handleRequest(null, Object(Config\Cache), false)
 9 FCPATH\index.php(79): CodeIgniter\CodeIgniter->run()
10 SYSTEMPATH\Commands\Server\rewrite.php(47): require_once('C:\\laragon\\www\\music player\\public\\index.php')
CRITICAL - 2023-09-24 00:55:49 --> Undefined array key "filePath"
in APPPATH\Views\music.php on line 97.
 1 APPPATH\Views\music.php(97): CodeIgniter\Debug\Exceptions->errorHandler(2, 'Undefined array key "filePath"', 'C:\\laragon\\www\\music player\\app\\Views\\music.php', 97)
 2 SYSTEMPATH\View\View.php(226): include('C:\\laragon\\www\\music player\\app\\Views\\music.php')
 3 SYSTEMPATH\View\View.php(229): CodeIgniter\View\View->CodeIgniter\View\{closure}()
 4 SYSTEMPATH\Common.php(1188): CodeIgniter\View\View->render('music', [], true)
 5 APPPATH\Controllers\MusicController.php(49): view('music', [...])
 6 SYSTEMPATH\CodeIgniter.php(919): App\Controllers\MusicController->chalsim()
 7 SYSTEMPATH\CodeIgniter.php(494): CodeIgniter\CodeIgniter->runController(Object(App\Controllers\MusicController))
 8 SYSTEMPATH\CodeIgniter.php(353): CodeIgniter\CodeIgniter->handleRequest(null, Object(Config\Cache), false)
 9 FCPATH\index.php(79): CodeIgniter\CodeIgniter->run()
10 SYSTEMPATH\Commands\Server\rewrite.php(47): require_once('C:\\laragon\\www\\music player\\public\\index.php')
CRITICAL - 2023-09-24 11:01:42 --> Cannot redeclare App\Controllers\MusicController::index()
in APPPATH\Controllers\MusicController.php on line 63.
 1 [internal function]: CodeIgniter\Debug\Exceptions->shutdownHandler()
CRITICAL - 2023-09-24 11:54:05 --> Cannot redeclare App\Controllers\MusicController::uploadPlaylist()
in APPPATH\Controllers\MusicController.php on line 69.
 1 [internal function]: CodeIgniter\Debug\Exceptions->shutdownHandler()
CRITICAL - 2023-09-24 11:54:06 --> Cannot redeclare App\Controllers\MusicController::uploadPlaylist()
in APPPATH\Controllers\MusicController.php on line 69.
 1 [internal function]: CodeIgniter\Debug\Exceptions->shutdownHandler()
CRITICAL - 2023-09-24 11:54:06 --> Cannot redeclare App\Controllers\MusicController::uploadPlaylist()
in APPPATH\Controllers\MusicController.php on line 69.
 1 [internal function]: CodeIgniter\Debug\Exceptions->shutdownHandler()
CRITICAL - 2023-09-24 12:30:18 --> Undefined array key "title"
in APPPATH\Views\music.php on line 68.
 1 APPPATH\Views\music.php(68): CodeIgniter\Debug\Exceptions->errorHandler(2, 'Undefined array key "title"', 'C:\\laragon\\www\\music player\\app\\Views\\music.php', 68)
 2 SYSTEMPATH\View\View.php(226): include('C:\\laragon\\www\\music player\\app\\Views\\music.php')
 3 SYSTEMPATH\View\View.php(229): CodeIgniter\View\View->CodeIgniter\View\{closure}()
 4 SYSTEMPATH\Common.php(1188): CodeIgniter\View\View->render('music', [], true)
 5 APPPATH\Controllers\MusicController.php(25): view('music', [...])
 6 SYSTEMPATH\CodeIgniter.php(919): App\Controllers\MusicController->viewAll()
 7 SYSTEMPATH\CodeIgniter.php(494): CodeIgniter\CodeIgniter->runController(Object(App\Controllers\MusicController))
 8 SYSTEMPATH\CodeIgniter.php(353): CodeIgniter\CodeIgniter->handleRequest(null, Object(Config\Cache), false)
 9 FCPATH\index.php(79): CodeIgniter\CodeIgniter->run()
10 SYSTEMPATH\Commands\Server\rewrite.php(47): require_once('C:\\laragon\\www\\music player\\public\\index.php')
CRITICAL - 2023-09-24 12:31:05 --> Undefined array key "music"
in APPPATH\Views\music.php on line 68.
 1 APPPATH\Views\music.php(68): CodeIgniter\Debug\Exceptions->errorHandler(2, 'Undefined array key "music"', 'C:\\laragon\\www\\music player\\app\\Views\\music.php', 68)
 2 SYSTEMPATH\View\View.php(226): include('C:\\laragon\\www\\music player\\app\\Views\\music.php')
 3 SYSTEMPATH\View\View.php(229): CodeIgniter\View\View->CodeIgniter\View\{closure}()
 4 SYSTEMPATH\Common.php(1188): CodeIgniter\View\View->render('music', [], true)
 5 APPPATH\Controllers\MusicController.php(25): view('music', [...])
 6 SYSTEMPATH\CodeIgniter.php(919): App\Controllers\MusicController->viewAll()
 7 SYSTEMPATH\CodeIgniter.php(494): CodeIgniter\CodeIgniter->runController(Object(App\Controllers\MusicController))
 8 SYSTEMPATH\CodeIgniter.php(353): CodeIgniter\CodeIgniter->handleRequest(null, Object(Config\Cache), false)
 9 FCPATH\index.php(79): CodeIgniter\CodeIgniter->run()
10 SYSTEMPATH\Commands\Server\rewrite.php(47): require_once('C:\\laragon\\www\\music player\\public\\index.php')
CRITICAL - 2023-09-24 12:31:06 --> Undefined array key "music"
in APPPATH\Views\music.php on line 68.
 1 APPPATH\Views\music.php(68): CodeIgniter\Debug\Exceptions->errorHandler(2, 'Undefined array key "music"', 'C:\\laragon\\www\\music player\\app\\Views\\music.php', 68)
 2 SYSTEMPATH\View\View.php(226): include('C:\\laragon\\www\\music player\\app\\Views\\music.php')
 3 SYSTEMPATH\View\View.php(229): CodeIgniter\View\View->CodeIgniter\View\{closure}()
 4 SYSTEMPATH\Common.php(1188): CodeIgniter\View\View->render('music', [], true)
 5 APPPATH\Controllers\MusicController.php(25): view('music', [...])
 6 SYSTEMPATH\CodeIgniter.php(919): App\Controllers\MusicController->viewAll()
 7 SYSTEMPATH\CodeIgniter.php(494): CodeIgniter\CodeIgniter->runController(Object(App\Controllers\MusicController))
 8 SYSTEMPATH\CodeIgniter.php(353): CodeIgniter\CodeIgniter->handleRequest(null, Object(Config\Cache), false)
 9 FCPATH\index.php(79): CodeIgniter\CodeIgniter->run()
10 SYSTEMPATH\Commands\Server\rewrite.php(47): require_once('C:\\laragon\\www\\music player\\public\\index.php')
CRITICAL - 2023-09-24 12:31:28 --> Undefined array key "playlist"
in APPPATH\Views\music.php on line 68.
 1 APPPATH\Views\music.php(68): CodeIgniter\Debug\Exceptions->errorHandler(2, 'Undefined array key "playlist"', 'C:\\laragon\\www\\music player\\app\\Views\\music.php', 68)
 2 SYSTEMPATH\View\View.php(226): include('C:\\laragon\\www\\music player\\app\\Views\\music.php')
 3 SYSTEMPATH\View\View.php(229): CodeIgniter\View\View->CodeIgniter\View\{closure}()
 4 SYSTEMPATH\Common.php(1188): CodeIgniter\View\View->render('music', [], true)
 5 APPPATH\Controllers\MusicController.php(25): view('music', [...])
 6 SYSTEMPATH\CodeIgniter.php(919): App\Controllers\MusicController->viewAll()
 7 SYSTEMPATH\CodeIgniter.php(494): CodeIgniter\CodeIgniter->runController(Object(App\Controllers\MusicController))
 8 SYSTEMPATH\CodeIgniter.php(353): CodeIgniter\CodeIgniter->handleRequest(null, Object(Config\Cache), false)
 9 FCPATH\index.php(79): CodeIgniter\CodeIgniter->run()
10 SYSTEMPATH\Commands\Server\rewrite.php(47): require_once('C:\\laragon\\www\\music player\\public\\index.php')
CRITICAL - 2023-09-24 12:31:29 --> Undefined array key "playlist"
in APPPATH\Views\music.php on line 68.
 1 APPPATH\Views\music.php(68): CodeIgniter\Debug\Exceptions->errorHandler(2, 'Undefined array key "playlist"', 'C:\\laragon\\www\\music player\\app\\Views\\music.php', 68)
 2 SYSTEMPATH\View\View.php(226): include('C:\\laragon\\www\\music player\\app\\Views\\music.php')
 3 SYSTEMPATH\View\View.php(229): CodeIgniter\View\View->CodeIgniter\View\{closure}()
 4 SYSTEMPATH\Common.php(1188): CodeIgniter\View\View->render('music', [], true)
 5 APPPATH\Controllers\MusicController.php(25): view('music', [...])
 6 SYSTEMPATH\CodeIgniter.php(919): App\Controllers\MusicController->viewAll()
 7 SYSTEMPATH\CodeIgniter.php(494): CodeIgniter\CodeIgniter->runController(Object(App\Controllers\MusicController))
 8 SYSTEMPATH\CodeIgniter.php(353): CodeIgniter\CodeIgniter->handleRequest(null, Object(Config\Cache), false)
 9 FCPATH\index.php(79): CodeIgniter\CodeIgniter->run()
10 SYSTEMPATH\Commands\Server\rewrite.php(47): require_once('C:\\laragon\\www\\music player\\public\\index.php')
CRITICAL - 2023-09-24 12:31:29 --> Undefined array key "playlist"
in APPPATH\Views\music.php on line 68.
 1 APPPATH\Views\music.php(68): CodeIgniter\Debug\Exceptions->errorHandler(2, 'Undefined array key "playlist"', 'C:\\laragon\\www\\music player\\app\\Views\\music.php', 68)
 2 SYSTEMPATH\View\View.php(226): include('C:\\laragon\\www\\music player\\app\\Views\\music.php')
 3 SYSTEMPATH\View\View.php(229): CodeIgniter\View\View->CodeIgniter\View\{closure}()
 4 SYSTEMPATH\Common.php(1188): CodeIgniter\View\View->render('music', [], true)
 5 APPPATH\Controllers\MusicController.php(25): view('music', [...])
 6 SYSTEMPATH\CodeIgniter.php(919): App\Controllers\MusicController->viewAll()
 7 SYSTEMPATH\CodeIgniter.php(494): CodeIgniter\CodeIgniter->runController(Object(App\Controllers\MusicController))
 8 SYSTEMPATH\CodeIgniter.php(353): CodeIgniter\CodeIgniter->handleRequest(null, Object(Config\Cache), false)
 9 FCPATH\index.php(79): CodeIgniter\CodeIgniter->run()
10 SYSTEMPATH\Commands\Server\rewrite.php(47): require_once('C:\\laragon\\www\\music player\\public\\index.php')
CRITICAL - 2023-09-24 13:25:51 --> include(header.php): Failed to open stream: No such file or directory
in APPPATH\Views\music.php on line 13.
 1 APPPATH\Views\music.php(13): CodeIgniter\Debug\Exceptions->errorHandler(2, 'include(header.php): Failed to open stream: No such file or directory', 'C:\\laragon\\www\\music player\\app\\Views\\music.php', 13)
 2 APPPATH\Views\music.php(13): include()
 3 SYSTEMPATH\View\View.php(226): include('C:\\laragon\\www\\music player\\app\\Views\\music.php')
 4 SYSTEMPATH\View\View.php(229): CodeIgniter\View\View->CodeIgniter\View\{closure}()
 5 SYSTEMPATH\Common.php(1188): CodeIgniter\View\View->render('music', [], true)
 6 APPPATH\Controllers\MusicController.php(25): view('music', [...])
 7 SYSTEMPATH\CodeIgniter.php(919): App\Controllers\MusicController->viewAll()
 8 SYSTEMPATH\CodeIgniter.php(494): CodeIgniter\CodeIgniter->runController(Object(App\Controllers\MusicController))
 9 SYSTEMPATH\CodeIgniter.php(353): CodeIgniter\CodeIgniter->handleRequest(null, Object(Config\Cache), false)
10 FCPATH\index.php(79): CodeIgniter\CodeIgniter->run()
11 SYSTEMPATH\Commands\Server\rewrite.php(47): require_once('C:\\laragon\\www\\music player\\public\\index.php')
CRITICAL - 2023-09-24 13:25:52 --> include(header.php): Failed to open stream: No such file or directory
in APPPATH\Views\music.php on line 13.
 1 APPPATH\Views\music.php(13): CodeIgniter\Debug\Exceptions->errorHandler(2, 'include(header.php): Failed to open stream: No such file or directory', 'C:\\laragon\\www\\music player\\app\\Views\\music.php', 13)
 2 APPPATH\Views\music.php(13): include()
 3 SYSTEMPATH\View\View.php(226): include('C:\\laragon\\www\\music player\\app\\Views\\music.php')
 4 SYSTEMPATH\View\View.php(229): CodeIgniter\View\View->CodeIgniter\View\{closure}()
 5 SYSTEMPATH\Common.php(1188): CodeIgniter\View\View->render('music', [], true)
 6 APPPATH\Controllers\MusicController.php(25): view('music', [...])
 7 SYSTEMPATH\CodeIgniter.php(919): App\Controllers\MusicController->viewAll()
 8 SYSTEMPATH\CodeIgniter.php(494): CodeIgniter\CodeIgniter->runController(Object(App\Controllers\MusicController))
 9 SYSTEMPATH\CodeIgniter.php(353): CodeIgniter\CodeIgniter->handleRequest(null, Object(Config\Cache), false)
10 FCPATH\index.php(79): CodeIgniter\CodeIgniter->run()
11 SYSTEMPATH\Commands\Server\rewrite.php(47): require_once('C:\\laragon\\www\\music player\\public\\index.php')
CRITICAL - 2023-09-24 13:48:31 --> Invalid file: "create.php"
in SYSTEMPATH\Exceptions\FrameworkException.php on line 39.
 1 SYSTEMPATH\View\View.php(214): CodeIgniter\Exceptions\FrameworkException::forInvalidFile('create.php')
 2 SYSTEMPATH\Common.php(1188): CodeIgniter\View\View->render('create', [], true)
 3 APPPATH\Controllers\MusicController.php(19): view('create')
 4 SYSTEMPATH\CodeIgniter.php(919): App\Controllers\MusicController->create()
 5 SYSTEMPATH\CodeIgniter.php(494): CodeIgniter\CodeIgniter->runController(Object(App\Controllers\MusicController))
 6 SYSTEMPATH\CodeIgniter.php(353): CodeIgniter\CodeIgniter->handleRequest(null, Object(Config\Cache), false)
 7 FCPATH\index.php(79): CodeIgniter\CodeIgniter->run()
 8 SYSTEMPATH\Commands\Server\rewrite.php(47): require_once('C:\\laragon\\www\\music player\\public\\index.php')
CRITICAL - 2023-09-24 13:49:53 --> Invalid file: "modal/music.php"
in SYSTEMPATH\Exceptions\FrameworkException.php on line 39.
 1 SYSTEMPATH\View\View.php(214): CodeIgniter\Exceptions\FrameworkException::forInvalidFile('modal/music.php')
 2 SYSTEMPATH\Common.php(1188): CodeIgniter\View\View->render('modal/music', [], true)
 3 APPPATH\Controllers\MusicController.php(19): view('modal/music')
 4 SYSTEMPATH\CodeIgniter.php(919): App\Controllers\MusicController->modal()
 5 SYSTEMPATH\CodeIgniter.php(494): CodeIgniter\CodeIgniter->runController(Object(App\Controllers\MusicController))
 6 SYSTEMPATH\CodeIgniter.php(353): CodeIgniter\CodeIgniter->handleRequest(null, Object(Config\Cache), false)
 7 FCPATH\index.php(79): CodeIgniter\CodeIgniter->run()
 8 SYSTEMPATH\Commands\Server\rewrite.php(47): require_once('C:\\laragon\\www\\music player\\public\\index.php')
CRITICAL - 2023-09-24 15:39:08 --> Invalid file: "search_results.php"
in SYSTEMPATH\Exceptions\FrameworkException.php on line 39.
 1 SYSTEMPATH\View\View.php(214): CodeIgniter\Exceptions\FrameworkException::forInvalidFile('search_results.php')
 2 SYSTEMPATH\Common.php(1188): CodeIgniter\View\View->render('search_results', [], true)
 3 APPPATH\Controllers\MusicController.php(109): view('search_results', [...])
 4 SYSTEMPATH\CodeIgniter.php(919): App\Controllers\MusicController->search()
 5 SYSTEMPATH\CodeIgniter.php(494): CodeIgniter\CodeIgniter->runController(Object(App\Controllers\MusicController))
 6 SYSTEMPATH\CodeIgniter.php(353): CodeIgniter\CodeIgniter->handleRequest(null, Object(Config\Cache), false)
 7 FCPATH\index.php(79): CodeIgniter\CodeIgniter->run()
 8 SYSTEMPATH\Commands\Server\rewrite.php(47): require_once('C:\\laragon\\www\\music player\\public\\index.php')
CRITICAL - 2023-09-24 15:40:07 --> Invalid file: "search_results.php"
in SYSTEMPATH\Exceptions\FrameworkException.php on line 39.
 1 SYSTEMPATH\View\View.php(214): CodeIgniter\Exceptions\FrameworkException::forInvalidFile('search_results.php')
 2 SYSTEMPATH\Common.php(1188): CodeIgniter\View\View->render('search_results', [], true)
 3 APPPATH\Controllers\MusicController.php(109): view('search_results', [...])
 4 SYSTEMPATH\CodeIgniter.php(919): App\Controllers\MusicController->search()
 5 SYSTEMPATH\CodeIgniter.php(494): CodeIgniter\CodeIgniter->runController(Object(App\Controllers\MusicController))
 6 SYSTEMPATH\CodeIgniter.php(353): CodeIgniter\CodeIgniter->handleRequest(null, Object(Config\Cache), false)
 7 FCPATH\index.php(79): CodeIgniter\CodeIgniter->run()
 8 SYSTEMPATH\Commands\Server\rewrite.php(47): require_once('C:\\laragon\\www\\music player\\public\\index.php')
CRITICAL - 2023-09-24 16:08:15 --> Undefined property: App\Controllers\MusicController::$playlistModel
in APPPATH\Controllers\MusicController.php on line 27.
 1 APPPATH\Controllers\MusicController.php(27): CodeIgniter\Debug\Exceptions->errorHandler(2, 'Undefined property: App\\Controllers\\MusicController::$playlistModel', 'C:\\laragon\\www\\music player\\app\\Controllers\\MusicController.php', 27)
 2 SYSTEMPATH\CodeIgniter.php(919): App\Controllers\MusicController->index()
 3 SYSTEMPATH\CodeIgniter.php(494): CodeIgniter\CodeIgniter->runController(Object(App\Controllers\MusicController))
 4 SYSTEMPATH\CodeIgniter.php(353): CodeIgniter\CodeIgniter->handleRequest(null, Object(Config\Cache), false)
 5 FCPATH\index.php(79): CodeIgniter\CodeIgniter->run()
 6 SYSTEMPATH\Commands\Server\rewrite.php(47): require_once('C:\\laragon\\www\\music player\\public\\index.php')
